==352562== Memcheck, a memory error detector
==352562== Copyright (C) 2002-2022, and GNU GPL'd, by Julian Seward et al.
==352562== Using Valgrind-3.22.0 and LibVEX; rerun with -h for copyright info
==352562== Command: /home/tennov/myphp-8.3.19_a2mod/bin/php -d extension=zimpaf.so register.php
==352562== Parent PID: 351929
==352562== 
==352562== Conditional jump or move depends on uninitialised value(s)
==352562==    at 0xB1EF589: zm_deactivate_zimpaf (zimpaf.c:1098)
==352562==    by 0xA38DCC: zend_deactivate_modules (zend_API.c:3254)
==352562==    by 0x958FDD: php_request_shutdown (main.c:1887)
==352562==    by 0xBC838C: do_cli (php_cli.c:1137)
==352562==    by 0xBC8902: main (php_cli.c:1341)
==352562==  Uninitialised value was created by a heap allocation
==352562==    at 0x4846828: malloc (in /usr/libexec/valgrind/vgpreload_memcheck-amd64-linux.so)
==352562==    by 0x952175: tsrm_update_active_threads (TSRM.c:262)
==352562==    by 0x9523DA: ts_allocate_id (TSRM.c:306)
==352562==    by 0xA354AD: zend_startup_module_ex (zend_API.c:2303)
==352562==    by 0xA3557B: zend_startup_module_zval (zend_API.c:2327)
==352562==    by 0xA48D22: zend_hash_apply (zend_hash.c:2086)
==352562==    by 0xA35D83: zend_startup_modules (zend_API.c:2450)
==352562==    by 0x959A51: php_module_startup (main.c:2247)
==352562==    by 0xBC6788: php_cli_startup (php_cli.c:410)
==352562==    by 0xBC87FE: main (php_cli.c:1308)
==352562== 
==352562== Conditional jump or move depends on uninitialised value(s)
==352562==    at 0xB1EF620: zm_deactivate_zimpaf (zimpaf.c:1103)
==352562==    by 0xA38DCC: zend_deactivate_modules (zend_API.c:3254)
==352562==    by 0x958FDD: php_request_shutdown (main.c:1887)
==352562==    by 0xBC838C: do_cli (php_cli.c:1137)
==352562==    by 0xBC8902: main (php_cli.c:1341)
==352562==  Uninitialised value was created by a heap allocation
==352562==    at 0x4846828: malloc (in /usr/libexec/valgrind/vgpreload_memcheck-amd64-linux.so)
==352562==    by 0x952175: tsrm_update_active_threads (TSRM.c:262)
==352562==    by 0x9523DA: ts_allocate_id (TSRM.c:306)
==352562==    by 0xA354AD: zend_startup_module_ex (zend_API.c:2303)
==352562==    by 0xA3557B: zend_startup_module_zval (zend_API.c:2327)
==352562==    by 0xA48D22: zend_hash_apply (zend_hash.c:2086)
==352562==    by 0xA35D83: zend_startup_modules (zend_API.c:2450)
==352562==    by 0x959A51: php_module_startup (main.c:2247)
==352562==    by 0xBC6788: php_cli_startup (php_cli.c:410)
==352562==    by 0xBC87FE: main (php_cli.c:1308)
==352562== 
==352562== 
==352562== HEAP SUMMARY:
==352562==     in use at exit: 21,641 bytes in 46 blocks
==352562==   total heap usage: 39,628 allocs, 39,582 frees, 6,394,811 bytes allocated
==352562== 
==352562== 8 bytes in 1 blocks are still reachable in loss record 1 of 27
==352562==    at 0x4846828: malloc (in /usr/libexec/valgrind/vgpreload_memcheck-amd64-linux.so)
==352562==    by 0x4013BDD: malloc (rtld-malloc.h:56)
==352562==    by 0x4013BDD: allocate_dtv_entry (dl-tls.c:679)
==352562==    by 0x4013BDD: allocate_and_init (dl-tls.c:704)
==352562==    by 0x4013BDD: tls_get_addr_tail (dl-tls.c:904)
==352562==    by 0x401785B: __tls_get_addr (tls_get_addr.S:55)
==352562==    by 0xAF63262: zm_globals_ctor_mbstring (mbstring.c:987)
==352562==    by 0x9521DD: tsrm_update_active_threads (TSRM.c:265)
==352562==    by 0x9523DA: ts_allocate_id (TSRM.c:306)
==352562==    by 0xA354AD: zend_startup_module_ex (zend_API.c:2303)
==352562==    by 0xA3557B: zend_startup_module_zval (zend_API.c:2327)
==352562==    by 0xA48D22: zend_hash_apply (zend_hash.c:2086)
==352562==    by 0xA35D83: zend_startup_modules (zend_API.c:2450)
==352562==    by 0x959A51: php_module_startup (main.c:2247)
==352562==    by 0xBC6788: php_cli_startup (php_cli.c:410)
==352562==    by 0xBC87FE: main (php_cli.c:1308)
==352562== 
==352562== 8 bytes in 1 blocks are still reachable in loss record 2 of 27
==352562==    at 0x4846828: malloc (in /usr/libexec/valgrind/vgpreload_memcheck-amd64-linux.so)
==352562==    by 0x4013BDD: malloc (rtld-malloc.h:56)
==352562==    by 0x4013BDD: allocate_dtv_entry (dl-tls.c:679)
==352562==    by 0x4013BDD: allocate_and_init (dl-tls.c:704)
==352562==    by 0x4013BDD: tls_get_addr_tail (dl-tls.c:904)
==352562==    by 0x401785B: __tls_get_addr (tls_get_addr.S:55)
==352562==    by 0xB1756A8: zm_globals_ctor_mysqli (mysqli.c:453)
==352562==    by 0x9521DD: tsrm_update_active_threads (TSRM.c:265)
==352562==    by 0x9523DA: ts_allocate_id (TSRM.c:306)
==352562==    by 0xA354AD: zend_startup_module_ex (zend_API.c:2303)
==352562==    by 0xA3557B: zend_startup_module_zval (zend_API.c:2327)
==352562==    by 0xA48D22: zend_hash_apply (zend_hash.c:2086)
==352562==    by 0xA35D83: zend_startup_modules (zend_API.c:2450)
==352562==    by 0x959A51: php_module_startup (main.c:2247)
==352562==    by 0xBC6788: php_cli_startup (php_cli.c:410)
==352562==    by 0xBC87FE: main (php_cli.c:1308)
==352562== 
==352562== 8 bytes in 1 blocks are still reachable in loss record 3 of 27
==352562==    at 0x4846828: malloc (in /usr/libexec/valgrind/vgpreload_memcheck-amd64-linux.so)
==352562==    by 0x4013BDD: malloc (rtld-malloc.h:56)
==352562==    by 0x4013BDD: allocate_dtv_entry (dl-tls.c:679)
==352562==    by 0x4013BDD: allocate_and_init (dl-tls.c:704)
==352562==    by 0x4013BDD: tls_get_addr_tail (dl-tls.c:904)
==352562==    by 0x401785B: __tls_get_addr (tls_get_addr.S:55)
==352562==    by 0x5B5CFCC: zm_globals_ctor_pdo_mysql (pdo_mysql.c:205)
==352562==    by 0x9521DD: tsrm_update_active_threads (TSRM.c:265)
==352562==    by 0x9523DA: ts_allocate_id (TSRM.c:306)
==352562==    by 0xA354AD: zend_startup_module_ex (zend_API.c:2303)
==352562==    by 0xA3557B: zend_startup_module_zval (zend_API.c:2327)
==352562==    by 0xA48D22: zend_hash_apply (zend_hash.c:2086)
==352562==    by 0xA35D83: zend_startup_modules (zend_API.c:2450)
==352562==    by 0x959A51: php_module_startup (main.c:2247)
==352562==    by 0xBC6788: php_cli_startup (php_cli.c:410)
==352562==    by 0xBC87FE: main (php_cli.c:1308)
==352562== 
==352562== 16 bytes in 1 blocks are still reachable in loss record 4 of 27
==352562==    at 0x4846828: malloc (in /usr/libexec/valgrind/vgpreload_memcheck-amd64-linux.so)
==352562==    by 0x40072AB: malloc (rtld-malloc.h:56)
==352562==    by 0x40072AB: decompose_rpath (dl-load.c:644)
==352562==    by 0x4009BAA: cache_rpath (dl-load.c:696)
==352562==    by 0x4009BAA: _dl_map_object (dl-load.c:2107)
==352562==    by 0x4002A2C: openaux (dl-deps.c:64)
==352562==    by 0x400151B: _dl_catch_exception (dl-catch.c:237)
==352562==    by 0x4002E66: _dl_map_object_deps (dl-deps.c:232)
==352562==    by 0x400D944: dl_open_worker_begin (dl-open.c:638)
==352562==    by 0x400151B: _dl_catch_exception (dl-catch.c:237)
==352562==    by 0x400CD1F: dl_open_worker (dl-open.c:803)
==352562==    by 0x400151B: _dl_catch_exception (dl-catch.c:237)
==352562==    by 0x400D163: _dl_open (dl-open.c:905)
==352562==    by 0x59D91A3: dlopen_doit (dlopen.c:56)
==352562==    by 0x400151B: _dl_catch_exception (dl-catch.c:237)
==352562==    by 0x4001668: _dl_catch_error (dl-catch.c:256)
==352562==    by 0x59D8C82: _dlerror_run (dlerror.c:138)
==352562==    by 0x59D925E: dlopen_implementation (dlopen.c:71)
==352562==    by 0x59D925E: dlopen@@GLIBC_2.34 (dlopen.c:81)
==352562==    by 0x7C470F: php_load_shlib (dl.c:88)
==352562==    by 0x9645A1: php_load_zend_extension_cb (php_ini.c:364)
==352562==    by 0xA105C8: zend_llist_apply (zend_llist.c:184)
==352562==    by 0x965592: php_ini_register_extensions (php_ini.c:750)
==352562==    by 0x959A4C: php_module_startup (main.c:2246)
==352562==    by 0xBC6788: php_cli_startup (php_cli.c:410)
==352562==    by 0xBC87FE: main (php_cli.c:1308)
==352562== 
==352562== 35 bytes in 1 blocks are still reachable in loss record 5 of 27
==352562==    at 0x4846828: malloc (in /usr/libexec/valgrind/vgpreload_memcheck-amd64-linux.so)
==352562==    by 0x4028ABF: malloc (rtld-malloc.h:56)
==352562==    by 0x4028ABF: strdup (strdup.c:42)
==352562==    by 0x4016A95: _dl_load_cache_lookup (dl-cache.c:515)
==352562==    by 0x40097CA: _dl_map_object (dl-load.c:2135)
==352562==    by 0x4002A2C: openaux (dl-deps.c:64)
==352562==    by 0x400151B: _dl_catch_exception (dl-catch.c:237)
==352562==    by 0x4002E66: _dl_map_object_deps (dl-deps.c:232)
==352562==    by 0x400D944: dl_open_worker_begin (dl-open.c:638)
==352562==    by 0x400151B: _dl_catch_exception (dl-catch.c:237)
==352562==    by 0x400CD1F: dl_open_worker (dl-open.c:803)
==352562==    by 0x400151B: _dl_catch_exception (dl-catch.c:237)
==352562==    by 0x400D163: _dl_open (dl-open.c:905)
==352562==    by 0x59D91A3: dlopen_doit (dlopen.c:56)
==352562==    by 0x400151B: _dl_catch_exception (dl-catch.c:237)
==352562==    by 0x4001668: _dl_catch_error (dl-catch.c:256)
==352562==    by 0x59D8C82: _dlerror_run (dlerror.c:138)
==352562==    by 0x59D925E: dlopen_implementation (dlopen.c:71)
==352562==    by 0x59D925E: dlopen@@GLIBC_2.34 (dlopen.c:81)
==352562==    by 0x7C470F: php_load_shlib (dl.c:88)
==352562==    by 0x7C49BA: php_load_extension (dl.c:163)
==352562==    by 0x9643E3: php_load_php_extension_cb (php_ini.c:317)
==352562==    by 0xA105C8: zend_llist_apply (zend_llist.c:184)
==352562==    by 0x9655AB: php_ini_register_extensions (php_ini.c:751)
==352562==    by 0x959A4C: php_module_startup (main.c:2246)
==352562==    by 0xBC6788: php_cli_startup (php_cli.c:410)
==352562==    by 0xBC87FE: main (php_cli.c:1308)
==352562== 
==352562== 35 bytes in 1 blocks are still reachable in loss record 6 of 27
==352562==    at 0x4846828: malloc (in /usr/libexec/valgrind/vgpreload_memcheck-amd64-linux.so)
==352562==    by 0x400CA68: malloc (rtld-malloc.h:56)
==352562==    by 0x400CA68: _dl_new_object (dl-object.c:199)
==352562==    by 0x4007ABE: _dl_map_object_from_fd (dl-load.c:1053)
==352562==    by 0x4009528: _dl_map_object (dl-load.c:2268)
==352562==    by 0x4002A2C: openaux (dl-deps.c:64)
==352562==    by 0x400151B: _dl_catch_exception (dl-catch.c:237)
==352562==    by 0x4002E66: _dl_map_object_deps (dl-deps.c:232)
==352562==    by 0x400D944: dl_open_worker_begin (dl-open.c:638)
==352562==    by 0x400151B: _dl_catch_exception (dl-catch.c:237)
==352562==    by 0x400CD1F: dl_open_worker (dl-open.c:803)
==352562==    by 0x400151B: _dl_catch_exception (dl-catch.c:237)
==352562==    by 0x400D163: _dl_open (dl-open.c:905)
==352562==    by 0x59D91A3: dlopen_doit (dlopen.c:56)
==352562==    by 0x400151B: _dl_catch_exception (dl-catch.c:237)
==352562==    by 0x4001668: _dl_catch_error (dl-catch.c:256)
==352562==    by 0x59D8C82: _dlerror_run (dlerror.c:138)
==352562==    by 0x59D925E: dlopen_implementation (dlopen.c:71)
==352562==    by 0x59D925E: dlopen@@GLIBC_2.34 (dlopen.c:81)
==352562==    by 0x7C470F: php_load_shlib (dl.c:88)
==352562==    by 0x7C49BA: php_load_extension (dl.c:163)
==352562==    by 0x9643E3: php_load_php_extension_cb (php_ini.c:317)
==352562==    by 0xA105C8: zend_llist_apply (zend_llist.c:184)
==352562==    by 0x9655AB: php_ini_register_extensions (php_ini.c:751)
==352562==    by 0x959A4C: php_module_startup (main.c:2246)
==352562==    by 0xBC6788: php_cli_startup (php_cli.c:410)
==352562==    by 0xBC87FE: main (php_cli.c:1308)
==352562== 
==352562== 37 bytes in 1 blocks are still reachable in loss record 7 of 27
==352562==    at 0x4846828: malloc (in /usr/libexec/valgrind/vgpreload_memcheck-amd64-linux.so)
==352562==    by 0x4028ABF: malloc (rtld-malloc.h:56)
==352562==    by 0x4028ABF: strdup (strdup.c:42)
==352562==    by 0x4016A95: _dl_load_cache_lookup (dl-cache.c:515)
==352562==    by 0x40097CA: _dl_map_object (dl-load.c:2135)
==352562==    by 0x4002A2C: openaux (dl-deps.c:64)
==352562==    by 0x400151B: _dl_catch_exception (dl-catch.c:237)
==352562==    by 0x4002E66: _dl_map_object_deps (dl-deps.c:232)
==352562==    by 0x400D944: dl_open_worker_begin (dl-open.c:638)
==352562==    by 0x400151B: _dl_catch_exception (dl-catch.c:237)
==352562==    by 0x400CD1F: dl_open_worker (dl-open.c:803)
==352562==    by 0x400151B: _dl_catch_exception (dl-catch.c:237)
==352562==    by 0x400D163: _dl_open (dl-open.c:905)
==352562==    by 0x59D91A3: dlopen_doit (dlopen.c:56)
==352562==    by 0x400151B: _dl_catch_exception (dl-catch.c:237)
==352562==    by 0x4001668: _dl_catch_error (dl-catch.c:256)
==352562==    by 0x59D8C82: _dlerror_run (dlerror.c:138)
==352562==    by 0x59D925E: dlopen_implementation (dlopen.c:71)
==352562==    by 0x59D925E: dlopen@@GLIBC_2.34 (dlopen.c:81)
==352562==    by 0x7C470F: php_load_shlib (dl.c:88)
==352562==    by 0x7C492C: php_load_extension (dl.c:152)
==352562==    by 0x9643E3: php_load_php_extension_cb (php_ini.c:317)
==352562==    by 0xA105C8: zend_llist_apply (zend_llist.c:184)
==352562==    by 0x9655AB: php_ini_register_extensions (php_ini.c:751)
==352562==    by 0x959A4C: php_module_startup (main.c:2246)
==352562==    by 0xBC6788: php_cli_startup (php_cli.c:410)
==352562==    by 0xBC87FE: main (php_cli.c:1308)
==352562== 
==352562== 37 bytes in 1 blocks are still reachable in loss record 8 of 27
==352562==    at 0x4846828: malloc (in /usr/libexec/valgrind/vgpreload_memcheck-amd64-linux.so)
==352562==    by 0x400CA68: malloc (rtld-malloc.h:56)
==352562==    by 0x400CA68: _dl_new_object (dl-object.c:199)
==352562==    by 0x4007ABE: _dl_map_object_from_fd (dl-load.c:1053)
==352562==    by 0x4009528: _dl_map_object (dl-load.c:2268)
==352562==    by 0x4002A2C: openaux (dl-deps.c:64)
==352562==    by 0x400151B: _dl_catch_exception (dl-catch.c:237)
==352562==    by 0x4002E66: _dl_map_object_deps (dl-deps.c:232)
==352562==    by 0x400D944: dl_open_worker_begin (dl-open.c:638)
==352562==    by 0x400151B: _dl_catch_exception (dl-catch.c:237)
==352562==    by 0x400CD1F: dl_open_worker (dl-open.c:803)
==352562==    by 0x400151B: _dl_catch_exception (dl-catch.c:237)
==352562==    by 0x400D163: _dl_open (dl-open.c:905)
==352562==    by 0x59D91A3: dlopen_doit (dlopen.c:56)
==352562==    by 0x400151B: _dl_catch_exception (dl-catch.c:237)
==352562==    by 0x4001668: _dl_catch_error (dl-catch.c:256)
==352562==    by 0x59D8C82: _dlerror_run (dlerror.c:138)
==352562==    by 0x59D925E: dlopen_implementation (dlopen.c:71)
==352562==    by 0x59D925E: dlopen@@GLIBC_2.34 (dlopen.c:81)
==352562==    by 0x7C470F: php_load_shlib (dl.c:88)
==352562==    by 0x7C492C: php_load_extension (dl.c:152)
==352562==    by 0x9643E3: php_load_php_extension_cb (php_ini.c:317)
==352562==    by 0xA105C8: zend_llist_apply (zend_llist.c:184)
==352562==    by 0x9655AB: php_ini_register_extensions (php_ini.c:751)
==352562==    by 0x959A4C: php_module_startup (main.c:2246)
==352562==    by 0xBC6788: php_cli_startup (php_cli.c:410)
==352562==    by 0xBC87FE: main (php_cli.c:1308)
==352562== 
==352562== 43 bytes in 1 blocks are still reachable in loss record 9 of 27
==352562==    at 0x4846828: malloc (in /usr/libexec/valgrind/vgpreload_memcheck-amd64-linux.so)
==352562==    by 0x40062D7: malloc (rtld-malloc.h:56)
==352562==    by 0x40062D7: open_path (dl-load.c:1918)
==352562==    by 0x400978A: _dl_map_object (dl-load.c:2109)
==352562==    by 0x4002A2C: openaux (dl-deps.c:64)
==352562==    by 0x400151B: _dl_catch_exception (dl-catch.c:237)
==352562==    by 0x4002E66: _dl_map_object_deps (dl-deps.c:232)
==352562==    by 0x400D944: dl_open_worker_begin (dl-open.c:638)
==352562==    by 0x400151B: _dl_catch_exception (dl-catch.c:237)
==352562==    by 0x400CD1F: dl_open_worker (dl-open.c:803)
==352562==    by 0x400151B: _dl_catch_exception (dl-catch.c:237)
==352562==    by 0x400D163: _dl_open (dl-open.c:905)
==352562==    by 0x59D91A3: dlopen_doit (dlopen.c:56)
==352562==    by 0x400151B: _dl_catch_exception (dl-catch.c:237)
==352562==    by 0x4001668: _dl_catch_error (dl-catch.c:256)
==352562==    by 0x59D8C82: _dlerror_run (dlerror.c:138)
==352562==    by 0x59D925E: dlopen_implementation (dlopen.c:71)
==352562==    by 0x59D925E: dlopen@@GLIBC_2.34 (dlopen.c:81)
==352562==    by 0x7C470F: php_load_shlib (dl.c:88)
==352562==    by 0x9645A1: php_load_zend_extension_cb (php_ini.c:364)
==352562==    by 0xA105C8: zend_llist_apply (zend_llist.c:184)
==352562==    by 0x965592: php_ini_register_extensions (php_ini.c:750)
==352562==    by 0x959A4C: php_module_startup (main.c:2246)
==352562==    by 0xBC6788: php_cli_startup (php_cli.c:410)
==352562==    by 0xBC87FE: main (php_cli.c:1308)
==352562== 
==352562== 43 bytes in 1 blocks are still reachable in loss record 10 of 27
==352562==    at 0x4846828: malloc (in /usr/libexec/valgrind/vgpreload_memcheck-amd64-linux.so)
==352562==    by 0x400CA68: malloc (rtld-malloc.h:56)
==352562==    by 0x400CA68: _dl_new_object (dl-object.c:199)
==352562==    by 0x4007ABE: _dl_map_object_from_fd (dl-load.c:1053)
==352562==    by 0x4009528: _dl_map_object (dl-load.c:2268)
==352562==    by 0x4002A2C: openaux (dl-deps.c:64)
==352562==    by 0x400151B: _dl_catch_exception (dl-catch.c:237)
==352562==    by 0x4002E66: _dl_map_object_deps (dl-deps.c:232)
==352562==    by 0x400D944: dl_open_worker_begin (dl-open.c:638)
==352562==    by 0x400151B: _dl_catch_exception (dl-catch.c:237)
==352562==    by 0x400CD1F: dl_open_worker (dl-open.c:803)
==352562==    by 0x400151B: _dl_catch_exception (dl-catch.c:237)
==352562==    by 0x400D163: _dl_open (dl-open.c:905)
==352562==    by 0x59D91A3: dlopen_doit (dlopen.c:56)
==352562==    by 0x400151B: _dl_catch_exception (dl-catch.c:237)
==352562==    by 0x4001668: _dl_catch_error (dl-catch.c:256)
==352562==    by 0x59D8C82: _dlerror_run (dlerror.c:138)
==352562==    by 0x59D925E: dlopen_implementation (dlopen.c:71)
==352562==    by 0x59D925E: dlopen@@GLIBC_2.34 (dlopen.c:81)
==352562==    by 0x7C470F: php_load_shlib (dl.c:88)
==352562==    by 0x9645A1: php_load_zend_extension_cb (php_ini.c:364)
==352562==    by 0xA105C8: zend_llist_apply (zend_llist.c:184)
==352562==    by 0x965592: php_ini_register_extensions (php_ini.c:750)
==352562==    by 0x959A4C: php_module_startup (main.c:2246)
==352562==    by 0xBC6788: php_cli_startup (php_cli.c:410)
==352562==    by 0xBC87FE: main (php_cli.c:1308)
==352562== 
==352562== 81 bytes in 1 blocks are still reachable in loss record 11 of 27
==352562==    at 0x4846828: malloc (in /usr/libexec/valgrind/vgpreload_memcheck-amd64-linux.so)
==352562==    by 0x4028ABF: malloc (rtld-malloc.h:56)
==352562==    by 0x4028ABF: strdup (strdup.c:42)
==352562==    by 0x400948D: _dl_map_object (dl-load.c:2201)
==352562==    by 0x400D8DB: dl_open_worker_begin (dl-open.c:578)
==352562==    by 0x400151B: _dl_catch_exception (dl-catch.c:237)
==352562==    by 0x400CD1F: dl_open_worker (dl-open.c:803)
==352562==    by 0x400151B: _dl_catch_exception (dl-catch.c:237)
==352562==    by 0x400D163: _dl_open (dl-open.c:905)
==352562==    by 0x59D91A3: dlopen_doit (dlopen.c:56)
==352562==    by 0x400151B: _dl_catch_exception (dl-catch.c:237)
==352562==    by 0x4001668: _dl_catch_error (dl-catch.c:256)
==352562==    by 0x59D8C82: _dlerror_run (dlerror.c:138)
==352562==    by 0x59D925E: dlopen_implementation (dlopen.c:71)
==352562==    by 0x59D925E: dlopen@@GLIBC_2.34 (dlopen.c:81)
==352562==    by 0x7C470F: php_load_shlib (dl.c:88)
==352562==    by 0x9645A1: php_load_zend_extension_cb (php_ini.c:364)
==352562==    by 0xA105C8: zend_llist_apply (zend_llist.c:184)
==352562==    by 0x965592: php_ini_register_extensions (php_ini.c:750)
==352562==    by 0x959A4C: php_module_startup (main.c:2246)
==352562==    by 0xBC6788: php_cli_startup (php_cli.c:410)
==352562==    by 0xBC87FE: main (php_cli.c:1308)
==352562== 
==352562== 81 bytes in 1 blocks are still reachable in loss record 12 of 27
==352562==    at 0x4846828: malloc (in /usr/libexec/valgrind/vgpreload_memcheck-amd64-linux.so)
==352562==    by 0x400CA68: malloc (rtld-malloc.h:56)
==352562==    by 0x400CA68: _dl_new_object (dl-object.c:199)
==352562==    by 0x4007ABE: _dl_map_object_from_fd (dl-load.c:1053)
==352562==    by 0x4009528: _dl_map_object (dl-load.c:2268)
==352562==    by 0x400D8DB: dl_open_worker_begin (dl-open.c:578)
==352562==    by 0x400151B: _dl_catch_exception (dl-catch.c:237)
==352562==    by 0x400CD1F: dl_open_worker (dl-open.c:803)
==352562==    by 0x400151B: _dl_catch_exception (dl-catch.c:237)
==352562==    by 0x400D163: _dl_open (dl-open.c:905)
==352562==    by 0x59D91A3: dlopen_doit (dlopen.c:56)
==352562==    by 0x400151B: _dl_catch_exception (dl-catch.c:237)
==352562==    by 0x4001668: _dl_catch_error (dl-catch.c:256)
==352562==    by 0x59D8C82: _dlerror_run (dlerror.c:138)
==352562==    by 0x59D925E: dlopen_implementation (dlopen.c:71)
==352562==    by 0x59D925E: dlopen@@GLIBC_2.34 (dlopen.c:81)
==352562==    by 0x7C470F: php_load_shlib (dl.c:88)
==352562==    by 0x9645A1: php_load_zend_extension_cb (php_ini.c:364)
==352562==    by 0xA105C8: zend_llist_apply (zend_llist.c:184)
==352562==    by 0x965592: php_ini_register_extensions (php_ini.c:750)
==352562==    by 0x959A4C: php_module_startup (main.c:2246)
==352562==    by 0xBC6788: php_cli_startup (php_cli.c:410)
==352562==    by 0xBC87FE: main (php_cli.c:1308)
==352562== 
==352562== 82 bytes in 1 blocks are still reachable in loss record 13 of 27
==352562==    at 0x4846828: malloc (in /usr/libexec/valgrind/vgpreload_memcheck-amd64-linux.so)
==352562==    by 0x4028ABF: malloc (rtld-malloc.h:56)
==352562==    by 0x4028ABF: strdup (strdup.c:42)
==352562==    by 0x400948D: _dl_map_object (dl-load.c:2201)
==352562==    by 0x400D8DB: dl_open_worker_begin (dl-open.c:578)
==352562==    by 0x400151B: _dl_catch_exception (dl-catch.c:237)
==352562==    by 0x400CD1F: dl_open_worker (dl-open.c:803)
==352562==    by 0x400151B: _dl_catch_exception (dl-catch.c:237)
==352562==    by 0x400D163: _dl_open (dl-open.c:905)
==352562==    by 0x59D91A3: dlopen_doit (dlopen.c:56)
==352562==    by 0x400151B: _dl_catch_exception (dl-catch.c:237)
==352562==    by 0x4001668: _dl_catch_error (dl-catch.c:256)
==352562==    by 0x59D8C82: _dlerror_run (dlerror.c:138)
==352562==    by 0x59D925E: dlopen_implementation (dlopen.c:71)
==352562==    by 0x59D925E: dlopen@@GLIBC_2.34 (dlopen.c:81)
==352562==    by 0x7C470F: php_load_shlib (dl.c:88)
==352562==    by 0x7C49BA: php_load_extension (dl.c:163)
==352562==    by 0x9643E3: php_load_php_extension_cb (php_ini.c:317)
==352562==    by 0xA105C8: zend_llist_apply (zend_llist.c:184)
==352562==    by 0x9655AB: php_ini_register_extensions (php_ini.c:751)
==352562==    by 0x959A4C: php_module_startup (main.c:2246)
==352562==    by 0xBC6788: php_cli_startup (php_cli.c:410)
==352562==    by 0xBC87FE: main (php_cli.c:1308)
==352562== 
==352562== 82 bytes in 1 blocks are still reachable in loss record 14 of 27
==352562==    at 0x4846828: malloc (in /usr/libexec/valgrind/vgpreload_memcheck-amd64-linux.so)
==352562==    by 0x400CA68: malloc (rtld-malloc.h:56)
==352562==    by 0x400CA68: _dl_new_object (dl-object.c:199)
==352562==    by 0x4007ABE: _dl_map_object_from_fd (dl-load.c:1053)
==352562==    by 0x4009528: _dl_map_object (dl-load.c:2268)
==352562==    by 0x400D8DB: dl_open_worker_begin (dl-open.c:578)
==352562==    by 0x400151B: _dl_catch_exception (dl-catch.c:237)
==352562==    by 0x400CD1F: dl_open_worker (dl-open.c:803)
==352562==    by 0x400151B: _dl_catch_exception (dl-catch.c:237)
==352562==    by 0x400D163: _dl_open (dl-open.c:905)
==352562==    by 0x59D91A3: dlopen_doit (dlopen.c:56)
==352562==    by 0x400151B: _dl_catch_exception (dl-catch.c:237)
==352562==    by 0x4001668: _dl_catch_error (dl-catch.c:256)
==352562==    by 0x59D8C82: _dlerror_run (dlerror.c:138)
==352562==    by 0x59D925E: dlopen_implementation (dlopen.c:71)
==352562==    by 0x59D925E: dlopen@@GLIBC_2.34 (dlopen.c:81)
==352562==    by 0x7C470F: php_load_shlib (dl.c:88)
==352562==    by 0x7C49BA: php_load_extension (dl.c:163)
==352562==    by 0x9643E3: php_load_php_extension_cb (php_ini.c:317)
==352562==    by 0xA105C8: zend_llist_apply (zend_llist.c:184)
==352562==    by 0x9655AB: php_ini_register_extensions (php_ini.c:751)
==352562==    by 0x959A4C: php_module_startup (main.c:2246)
==352562==    by 0xBC6788: php_cli_startup (php_cli.c:410)
==352562==    by 0xBC87FE: main (php_cli.c:1308)
==352562== 
==352562== 336 bytes in 2 blocks are still reachable in loss record 15 of 27
==352562==    at 0x484D953: calloc (in /usr/libexec/valgrind/vgpreload_memcheck-amd64-linux.so)
==352562==    by 0x401622F: calloc (rtld-malloc.h:44)
==352562==    by 0x401622F: _dl_check_map_versions (dl-version.c:280)
==352562==    by 0x400DC7C: dl_open_worker_begin (dl-open.c:646)
==352562==    by 0x400151B: _dl_catch_exception (dl-catch.c:237)
==352562==    by 0x400CD1F: dl_open_worker (dl-open.c:803)
==352562==    by 0x400151B: _dl_catch_exception (dl-catch.c:237)
==352562==    by 0x400D163: _dl_open (dl-open.c:905)
==352562==    by 0x59D91A3: dlopen_doit (dlopen.c:56)
==352562==    by 0x400151B: _dl_catch_exception (dl-catch.c:237)
==352562==    by 0x4001668: _dl_catch_error (dl-catch.c:256)
==352562==    by 0x59D8C82: _dlerror_run (dlerror.c:138)
==352562==    by 0x59D925E: dlopen_implementation (dlopen.c:71)
==352562==    by 0x59D925E: dlopen@@GLIBC_2.34 (dlopen.c:81)
==352562==    by 0x7C470F: php_load_shlib (dl.c:88)
==352562==    by 0x7C49BA: php_load_extension (dl.c:163)
==352562==    by 0x9643E3: php_load_php_extension_cb (php_ini.c:317)
==352562==    by 0xA105C8: zend_llist_apply (zend_llist.c:184)
==352562==    by 0x9655AB: php_ini_register_extensions (php_ini.c:751)
==352562==    by 0x959A4C: php_module_startup (main.c:2246)
==352562==    by 0xBC6788: php_cli_startup (php_cli.c:410)
==352562==    by 0xBC87FE: main (php_cli.c:1308)
==352562== 
==352562== 407 bytes in 5 blocks are still reachable in loss record 16 of 27
==352562==    at 0x4846828: malloc (in /usr/libexec/valgrind/vgpreload_memcheck-amd64-linux.so)
==352562==    by 0x4028ABF: malloc (rtld-malloc.h:56)
==352562==    by 0x4028ABF: strdup (strdup.c:42)
==352562==    by 0x400948D: _dl_map_object (dl-load.c:2201)
==352562==    by 0x400D8DB: dl_open_worker_begin (dl-open.c:578)
==352562==    by 0x400151B: _dl_catch_exception (dl-catch.c:237)
==352562==    by 0x400CD1F: dl_open_worker (dl-open.c:803)
==352562==    by 0x400151B: _dl_catch_exception (dl-catch.c:237)
==352562==    by 0x400D163: _dl_open (dl-open.c:905)
==352562==    by 0x59D91A3: dlopen_doit (dlopen.c:56)
==352562==    by 0x400151B: _dl_catch_exception (dl-catch.c:237)
==352562==    by 0x4001668: _dl_catch_error (dl-catch.c:256)
==352562==    by 0x59D8C82: _dlerror_run (dlerror.c:138)
==352562==    by 0x59D925E: dlopen_implementation (dlopen.c:71)
==352562==    by 0x59D925E: dlopen@@GLIBC_2.34 (dlopen.c:81)
==352562==    by 0x7C470F: php_load_shlib (dl.c:88)
==352562==    by 0x7C492C: php_load_extension (dl.c:152)
==352562==    by 0x9643E3: php_load_php_extension_cb (php_ini.c:317)
==352562==    by 0xA105C8: zend_llist_apply (zend_llist.c:184)
==352562==    by 0x9655AB: php_ini_register_extensions (php_ini.c:751)
==352562==    by 0x959A4C: php_module_startup (main.c:2246)
==352562==    by 0xBC6788: php_cli_startup (php_cli.c:410)
==352562==    by 0xBC87FE: main (php_cli.c:1308)
==352562== 
==352562== 407 bytes in 5 blocks are still reachable in loss record 17 of 27
==352562==    at 0x4846828: malloc (in /usr/libexec/valgrind/vgpreload_memcheck-amd64-linux.so)
==352562==    by 0x400CA68: malloc (rtld-malloc.h:56)
==352562==    by 0x400CA68: _dl_new_object (dl-object.c:199)
==352562==    by 0x4007ABE: _dl_map_object_from_fd (dl-load.c:1053)
==352562==    by 0x4009528: _dl_map_object (dl-load.c:2268)
==352562==    by 0x400D8DB: dl_open_worker_begin (dl-open.c:578)
==352562==    by 0x400151B: _dl_catch_exception (dl-catch.c:237)
==352562==    by 0x400CD1F: dl_open_worker (dl-open.c:803)
==352562==    by 0x400151B: _dl_catch_exception (dl-catch.c:237)
==352562==    by 0x400D163: _dl_open (dl-open.c:905)
==352562==    by 0x59D91A3: dlopen_doit (dlopen.c:56)
==352562==    by 0x400151B: _dl_catch_exception (dl-catch.c:237)
==352562==    by 0x4001668: _dl_catch_error (dl-catch.c:256)
==352562==    by 0x59D8C82: _dlerror_run (dlerror.c:138)
==352562==    by 0x59D925E: dlopen_implementation (dlopen.c:71)
==352562==    by 0x59D925E: dlopen@@GLIBC_2.34 (dlopen.c:81)
==352562==    by 0x7C470F: php_load_shlib (dl.c:88)
==352562==    by 0x7C492C: php_load_extension (dl.c:152)
==352562==    by 0x9643E3: php_load_php_extension_cb (php_ini.c:317)
==352562==    by 0xA105C8: zend_llist_apply (zend_llist.c:184)
==352562==    by 0x9655AB: php_ini_register_extensions (php_ini.c:751)
==352562==    by 0x959A4C: php_module_startup (main.c:2246)
==352562==    by 0xBC6788: php_cli_startup (php_cli.c:410)
==352562==    by 0xBC87FE: main (php_cli.c:1308)
==352562== 
==352562== 432 bytes in 2 blocks are still reachable in loss record 18 of 27
==352562==    at 0x484D953: calloc (in /usr/libexec/valgrind/vgpreload_memcheck-amd64-linux.so)
==352562==    by 0x401622F: calloc (rtld-malloc.h:44)
==352562==    by 0x401622F: _dl_check_map_versions (dl-version.c:280)
==352562==    by 0x400DC7C: dl_open_worker_begin (dl-open.c:646)
==352562==    by 0x400151B: _dl_catch_exception (dl-catch.c:237)
==352562==    by 0x400CD1F: dl_open_worker (dl-open.c:803)
==352562==    by 0x400151B: _dl_catch_exception (dl-catch.c:237)
==352562==    by 0x400D163: _dl_open (dl-open.c:905)
==352562==    by 0x59D91A3: dlopen_doit (dlopen.c:56)
==352562==    by 0x400151B: _dl_catch_exception (dl-catch.c:237)
==352562==    by 0x4001668: _dl_catch_error (dl-catch.c:256)
==352562==    by 0x59D8C82: _dlerror_run (dlerror.c:138)
==352562==    by 0x59D925E: dlopen_implementation (dlopen.c:71)
==352562==    by 0x59D925E: dlopen@@GLIBC_2.34 (dlopen.c:81)
==352562==    by 0x7C470F: php_load_shlib (dl.c:88)
==352562==    by 0x9645A1: php_load_zend_extension_cb (php_ini.c:364)
==352562==    by 0xA105C8: zend_llist_apply (zend_llist.c:184)
==352562==    by 0x965592: php_ini_register_extensions (php_ini.c:750)
==352562==    by 0x959A4C: php_module_startup (main.c:2246)
==352562==    by 0xBC6788: php_cli_startup (php_cli.c:410)
==352562==    by 0xBC87FE: main (php_cli.c:1308)
==352562== 
==352562== 736 bytes in 1 blocks are still reachable in loss record 19 of 27
==352562==    at 0x4846828: malloc (in /usr/libexec/valgrind/vgpreload_memcheck-amd64-linux.so)
==352562==    by 0x400CF3F: malloc (rtld-malloc.h:56)
==352562==    by 0x400CF3F: add_to_global_resize (dl-open.c:152)
==352562==    by 0x400DF0F: dl_open_worker_begin (dl-open.c:737)
==352562==    by 0x400151B: _dl_catch_exception (dl-catch.c:237)
==352562==    by 0x400CD1F: dl_open_worker (dl-open.c:803)
==352562==    by 0x400151B: _dl_catch_exception (dl-catch.c:237)
==352562==    by 0x400D163: _dl_open (dl-open.c:905)
==352562==    by 0x59D91A3: dlopen_doit (dlopen.c:56)
==352562==    by 0x400151B: _dl_catch_exception (dl-catch.c:237)
==352562==    by 0x4001668: _dl_catch_error (dl-catch.c:256)
==352562==    by 0x59D8C82: _dlerror_run (dlerror.c:138)
==352562==    by 0x59D925E: dlopen_implementation (dlopen.c:71)
==352562==    by 0x59D925E: dlopen@@GLIBC_2.34 (dlopen.c:81)
==352562==    by 0x7C470F: php_load_shlib (dl.c:88)
==352562==    by 0x9645A1: php_load_zend_extension_cb (php_ini.c:364)
==352562==    by 0xA105C8: zend_llist_apply (zend_llist.c:184)
==352562==    by 0x965592: php_ini_register_extensions (php_ini.c:750)
==352562==    by 0x959A4C: php_module_startup (main.c:2246)
==352562==    by 0xBC6788: php_cli_startup (php_cli.c:410)
==352562==    by 0xBC87FE: main (php_cli.c:1308)
==352562== 
==352562== 912 bytes in 6 blocks are still reachable in loss record 20 of 27
==352562==    at 0x484D953: calloc (in /usr/libexec/valgrind/vgpreload_memcheck-amd64-linux.so)
==352562==    by 0x401622F: calloc (rtld-malloc.h:44)
==352562==    by 0x401622F: _dl_check_map_versions (dl-version.c:280)
==352562==    by 0x400DC7C: dl_open_worker_begin (dl-open.c:646)
==352562==    by 0x400151B: _dl_catch_exception (dl-catch.c:237)
==352562==    by 0x400CD1F: dl_open_worker (dl-open.c:803)
==352562==    by 0x400151B: _dl_catch_exception (dl-catch.c:237)
==352562==    by 0x400D163: _dl_open (dl-open.c:905)
==352562==    by 0x59D91A3: dlopen_doit (dlopen.c:56)
==352562==    by 0x400151B: _dl_catch_exception (dl-catch.c:237)
==352562==    by 0x4001668: _dl_catch_error (dl-catch.c:256)
==352562==    by 0x59D8C82: _dlerror_run (dlerror.c:138)
==352562==    by 0x59D925E: dlopen_implementation (dlopen.c:71)
==352562==    by 0x59D925E: dlopen@@GLIBC_2.34 (dlopen.c:81)
==352562==    by 0x7C470F: php_load_shlib (dl.c:88)
==352562==    by 0x7C492C: php_load_extension (dl.c:152)
==352562==    by 0x9643E3: php_load_php_extension_cb (php_ini.c:317)
==352562==    by 0xA105C8: zend_llist_apply (zend_llist.c:184)
==352562==    by 0x9655AB: php_ini_register_extensions (php_ini.c:751)
==352562==    by 0x959A4C: php_module_startup (main.c:2246)
==352562==    by 0xBC6788: php_cli_startup (php_cli.c:410)
==352562==    by 0xBC87FE: main (php_cli.c:1308)
==352562== 
==352562== 1,253 bytes in 1 blocks are still reachable in loss record 21 of 27
==352562==    at 0x484D953: calloc (in /usr/libexec/valgrind/vgpreload_memcheck-amd64-linux.so)
==352562==    by 0x400C72C: calloc (rtld-malloc.h:44)
==352562==    by 0x400C72C: _dl_new_object (dl-object.c:92)
==352562==    by 0x4007ABE: _dl_map_object_from_fd (dl-load.c:1053)
==352562==    by 0x4009528: _dl_map_object (dl-load.c:2268)
==352562==    by 0x4002A2C: openaux (dl-deps.c:64)
==352562==    by 0x400151B: _dl_catch_exception (dl-catch.c:237)
==352562==    by 0x4002E66: _dl_map_object_deps (dl-deps.c:232)
==352562==    by 0x400D944: dl_open_worker_begin (dl-open.c:638)
==352562==    by 0x400151B: _dl_catch_exception (dl-catch.c:237)
==352562==    by 0x400CD1F: dl_open_worker (dl-open.c:803)
==352562==    by 0x400151B: _dl_catch_exception (dl-catch.c:237)
==352562==    by 0x400D163: _dl_open (dl-open.c:905)
==352562==    by 0x59D91A3: dlopen_doit (dlopen.c:56)
==352562==    by 0x400151B: _dl_catch_exception (dl-catch.c:237)
==352562==    by 0x4001668: _dl_catch_error (dl-catch.c:256)
==352562==    by 0x59D8C82: _dlerror_run (dlerror.c:138)
==352562==    by 0x59D925E: dlopen_implementation (dlopen.c:71)
==352562==    by 0x59D925E: dlopen@@GLIBC_2.34 (dlopen.c:81)
==352562==    by 0x7C470F: php_load_shlib (dl.c:88)
==352562==    by 0x7C49BA: php_load_extension (dl.c:163)
==352562==    by 0x9643E3: php_load_php_extension_cb (php_ini.c:317)
==352562==    by 0xA105C8: zend_llist_apply (zend_llist.c:184)
==352562==    by 0x9655AB: php_ini_register_extensions (php_ini.c:751)
==352562==    by 0x959A4C: php_module_startup (main.c:2246)
==352562==    by 0xBC6788: php_cli_startup (php_cli.c:410)
==352562==    by 0xBC87FE: main (php_cli.c:1308)
==352562== 
==352562== 1,255 bytes in 1 blocks are still reachable in loss record 22 of 27
==352562==    at 0x484D953: calloc (in /usr/libexec/valgrind/vgpreload_memcheck-amd64-linux.so)
==352562==    by 0x400C72C: calloc (rtld-malloc.h:44)
==352562==    by 0x400C72C: _dl_new_object (dl-object.c:92)
==352562==    by 0x4007ABE: _dl_map_object_from_fd (dl-load.c:1053)
==352562==    by 0x4009528: _dl_map_object (dl-load.c:2268)
==352562==    by 0x4002A2C: openaux (dl-deps.c:64)
==352562==    by 0x400151B: _dl_catch_exception (dl-catch.c:237)
==352562==    by 0x4002E66: _dl_map_object_deps (dl-deps.c:232)
==352562==    by 0x400D944: dl_open_worker_begin (dl-open.c:638)
==352562==    by 0x400151B: _dl_catch_exception (dl-catch.c:237)
==352562==    by 0x400CD1F: dl_open_worker (dl-open.c:803)
==352562==    by 0x400151B: _dl_catch_exception (dl-catch.c:237)
==352562==    by 0x400D163: _dl_open (dl-open.c:905)
==352562==    by 0x59D91A3: dlopen_doit (dlopen.c:56)
==352562==    by 0x400151B: _dl_catch_exception (dl-catch.c:237)
==352562==    by 0x4001668: _dl_catch_error (dl-catch.c:256)
==352562==    by 0x59D8C82: _dlerror_run (dlerror.c:138)
==352562==    by 0x59D925E: dlopen_implementation (dlopen.c:71)
==352562==    by 0x59D925E: dlopen@@GLIBC_2.34 (dlopen.c:81)
==352562==    by 0x7C470F: php_load_shlib (dl.c:88)
==352562==    by 0x7C492C: php_load_extension (dl.c:152)
==352562==    by 0x9643E3: php_load_php_extension_cb (php_ini.c:317)
==352562==    by 0xA105C8: zend_llist_apply (zend_llist.c:184)
==352562==    by 0x9655AB: php_ini_register_extensions (php_ini.c:751)
==352562==    by 0x959A4C: php_module_startup (main.c:2246)
==352562==    by 0xBC6788: php_cli_startup (php_cli.c:410)
==352562==    by 0xBC87FE: main (php_cli.c:1308)
==352562== 
==352562== 1,257 bytes in 1 blocks are still reachable in loss record 23 of 27
==352562==    at 0x484D953: calloc (in /usr/libexec/valgrind/vgpreload_memcheck-amd64-linux.so)
==352562==    by 0x400C72C: calloc (rtld-malloc.h:44)
==352562==    by 0x400C72C: _dl_new_object (dl-object.c:92)
==352562==    by 0x4007ABE: _dl_map_object_from_fd (dl-load.c:1053)
==352562==    by 0x4009528: _dl_map_object (dl-load.c:2268)
==352562==    by 0x4002A2C: openaux (dl-deps.c:64)
==352562==    by 0x400151B: _dl_catch_exception (dl-catch.c:237)
==352562==    by 0x4002E66: _dl_map_object_deps (dl-deps.c:232)
==352562==    by 0x400D944: dl_open_worker_begin (dl-open.c:638)
==352562==    by 0x400151B: _dl_catch_exception (dl-catch.c:237)
==352562==    by 0x400CD1F: dl_open_worker (dl-open.c:803)
==352562==    by 0x400151B: _dl_catch_exception (dl-catch.c:237)
==352562==    by 0x400D163: _dl_open (dl-open.c:905)
==352562==    by 0x59D91A3: dlopen_doit (dlopen.c:56)
==352562==    by 0x400151B: _dl_catch_exception (dl-catch.c:237)
==352562==    by 0x4001668: _dl_catch_error (dl-catch.c:256)
==352562==    by 0x59D8C82: _dlerror_run (dlerror.c:138)
==352562==    by 0x59D925E: dlopen_implementation (dlopen.c:71)
==352562==    by 0x59D925E: dlopen@@GLIBC_2.34 (dlopen.c:81)
==352562==    by 0x7C470F: php_load_shlib (dl.c:88)
==352562==    by 0x9645A1: php_load_zend_extension_cb (php_ini.c:364)
==352562==    by 0xA105C8: zend_llist_apply (zend_llist.c:184)
==352562==    by 0x965592: php_ini_register_extensions (php_ini.c:750)
==352562==    by 0x959A4C: php_module_startup (main.c:2246)
==352562==    by 0xBC6788: php_cli_startup (php_cli.c:410)
==352562==    by 0xBC87FE: main (php_cli.c:1308)
==352562== 
==352562== 1,321 bytes in 1 blocks are still reachable in loss record 24 of 27
==352562==    at 0x484D953: calloc (in /usr/libexec/valgrind/vgpreload_memcheck-amd64-linux.so)
==352562==    by 0x400C72C: calloc (rtld-malloc.h:44)
==352562==    by 0x400C72C: _dl_new_object (dl-object.c:92)
==352562==    by 0x4007ABE: _dl_map_object_from_fd (dl-load.c:1053)
==352562==    by 0x4009528: _dl_map_object (dl-load.c:2268)
==352562==    by 0x400D8DB: dl_open_worker_begin (dl-open.c:578)
==352562==    by 0x400151B: _dl_catch_exception (dl-catch.c:237)
==352562==    by 0x400CD1F: dl_open_worker (dl-open.c:803)
==352562==    by 0x400151B: _dl_catch_exception (dl-catch.c:237)
==352562==    by 0x400D163: _dl_open (dl-open.c:905)
==352562==    by 0x59D91A3: dlopen_doit (dlopen.c:56)
==352562==    by 0x400151B: _dl_catch_exception (dl-catch.c:237)
==352562==    by 0x4001668: _dl_catch_error (dl-catch.c:256)
==352562==    by 0x59D8C82: _dlerror_run (dlerror.c:138)
==352562==    by 0x59D925E: dlopen_implementation (dlopen.c:71)
==352562==    by 0x59D925E: dlopen@@GLIBC_2.34 (dlopen.c:81)
==352562==    by 0x7C470F: php_load_shlib (dl.c:88)
==352562==    by 0x9645A1: php_load_zend_extension_cb (php_ini.c:364)
==352562==    by 0xA105C8: zend_llist_apply (zend_llist.c:184)
==352562==    by 0x965592: php_ini_register_extensions (php_ini.c:750)
==352562==    by 0x959A4C: php_module_startup (main.c:2246)
==352562==    by 0xBC6788: php_cli_startup (php_cli.c:410)
==352562==    by 0xBC87FE: main (php_cli.c:1308)
==352562== 
==352562== 1,322 bytes in 1 blocks are still reachable in loss record 25 of 27
==352562==    at 0x484D953: calloc (in /usr/libexec/valgrind/vgpreload_memcheck-amd64-linux.so)
==352562==    by 0x400C72C: calloc (rtld-malloc.h:44)
==352562==    by 0x400C72C: _dl_new_object (dl-object.c:92)
==352562==    by 0x4007ABE: _dl_map_object_from_fd (dl-load.c:1053)
==352562==    by 0x4009528: _dl_map_object (dl-load.c:2268)
==352562==    by 0x400D8DB: dl_open_worker_begin (dl-open.c:578)
==352562==    by 0x400151B: _dl_catch_exception (dl-catch.c:237)
==352562==    by 0x400CD1F: dl_open_worker (dl-open.c:803)
==352562==    by 0x400151B: _dl_catch_exception (dl-catch.c:237)
==352562==    by 0x400D163: _dl_open (dl-open.c:905)
==352562==    by 0x59D91A3: dlopen_doit (dlopen.c:56)
==352562==    by 0x400151B: _dl_catch_exception (dl-catch.c:237)
==352562==    by 0x4001668: _dl_catch_error (dl-catch.c:256)
==352562==    by 0x59D8C82: _dlerror_run (dlerror.c:138)
==352562==    by 0x59D925E: dlopen_implementation (dlopen.c:71)
==352562==    by 0x59D925E: dlopen@@GLIBC_2.34 (dlopen.c:81)
==352562==    by 0x7C470F: php_load_shlib (dl.c:88)
==352562==    by 0x7C49BA: php_load_extension (dl.c:163)
==352562==    by 0x9643E3: php_load_php_extension_cb (php_ini.c:317)
==352562==    by 0xA105C8: zend_llist_apply (zend_llist.c:184)
==352562==    by 0x9655AB: php_ini_register_extensions (php_ini.c:751)
==352562==    by 0x959A4C: php_module_startup (main.c:2246)
==352562==    by 0xBC6788: php_cli_startup (php_cli.c:410)
==352562==    by 0xBC87FE: main (php_cli.c:1308)
==352562== 
==352562== 4,800 bytes in 1 blocks are still reachable in loss record 26 of 27
==352562==    at 0x484D953: calloc (in /usr/libexec/valgrind/vgpreload_memcheck-amd64-linux.so)
==352562==    by 0x57B9E17: netsnmp_init_mib_internals (in /usr/lib/x86_64-linux-gnu/libnetsnmp.so.40.2.1)
==352562==    by 0x57CFAD6: ??? (in /usr/lib/x86_64-linux-gnu/libnetsnmp.so.40.2.1)
==352562==    by 0x57C113C: init_snmp (in /usr/lib/x86_64-linux-gnu/libnetsnmp.so.40.2.1)
==352562==    by 0x6C020B: zm_startup_snmp (snmp.c:2042)
==352562==    by 0xA35504: zend_startup_module_ex (zend_API.c:2312)
==352562==    by 0xA3557B: zend_startup_module_zval (zend_API.c:2327)
==352562==    by 0xA48D22: zend_hash_apply (zend_hash.c:2086)
==352562==    by 0xA35D83: zend_startup_modules (zend_API.c:2450)
==352562==    by 0x959A51: php_module_startup (main.c:2247)
==352562==    by 0xBC6788: php_cli_startup (php_cli.c:410)
==352562==    by 0xBC87FE: main (php_cli.c:1308)
==352562== 
==352562== 6,607 bytes in 5 blocks are still reachable in loss record 27 of 27
==352562==    at 0x484D953: calloc (in /usr/libexec/valgrind/vgpreload_memcheck-amd64-linux.so)
==352562==    by 0x400C72C: calloc (rtld-malloc.h:44)
==352562==    by 0x400C72C: _dl_new_object (dl-object.c:92)
==352562==    by 0x4007ABE: _dl_map_object_from_fd (dl-load.c:1053)
==352562==    by 0x4009528: _dl_map_object (dl-load.c:2268)
==352562==    by 0x400D8DB: dl_open_worker_begin (dl-open.c:578)
==352562==    by 0x400151B: _dl_catch_exception (dl-catch.c:237)
==352562==    by 0x400CD1F: dl_open_worker (dl-open.c:803)
==352562==    by 0x400151B: _dl_catch_exception (dl-catch.c:237)
==352562==    by 0x400D163: _dl_open (dl-open.c:905)
==352562==    by 0x59D91A3: dlopen_doit (dlopen.c:56)
==352562==    by 0x400151B: _dl_catch_exception (dl-catch.c:237)
==352562==    by 0x4001668: _dl_catch_error (dl-catch.c:256)
==352562==    by 0x59D8C82: _dlerror_run (dlerror.c:138)
==352562==    by 0x59D925E: dlopen_implementation (dlopen.c:71)
==352562==    by 0x59D925E: dlopen@@GLIBC_2.34 (dlopen.c:81)
==352562==    by 0x7C470F: php_load_shlib (dl.c:88)
==352562==    by 0x7C492C: php_load_extension (dl.c:152)
==352562==    by 0x9643E3: php_load_php_extension_cb (php_ini.c:317)
==352562==    by 0xA105C8: zend_llist_apply (zend_llist.c:184)
==352562==    by 0x9655AB: php_ini_register_extensions (php_ini.c:751)
==352562==    by 0x959A4C: php_module_startup (main.c:2246)
==352562==    by 0xBC6788: php_cli_startup (php_cli.c:410)
==352562==    by 0xBC87FE: main (php_cli.c:1308)
==352562== 
==352562== LEAK SUMMARY:
==352562==    definitely lost: 0 bytes in 0 blocks
==352562==    indirectly lost: 0 bytes in 0 blocks
==352562==      possibly lost: 0 bytes in 0 blocks
==352562==    still reachable: 21,641 bytes in 46 blocks
==352562==         suppressed: 0 bytes in 0 blocks
==352562== 
==352562== For lists of detected and suppressed errors, rerun with: -s
==352562== ERROR SUMMARY: 2 errors from 2 contexts (suppressed: 0 from 0)
